<?xml version="1.0" encoding="UTF-8"?>
<testng-results total="4" passed="3" failed="1" skipped="0">
  <reporter-output>
  </reporter-output>
  <suite started-at="2020-12-16T22:18:49Z" name="Suite" finished-at="2020-12-16T22:19:22Z" duration-ms="32790">
    <groups>
    </groups>
    <test started-at="2020-12-16T22:18:49Z" name="Validating Title" finished-at="2020-12-16T22:19:14Z" duration-ms="25183">
      <class name="Java_Selenium.ValidateTitle">
        <test-method is-config="true" signature="initizliation()[pri:0, instance:Java_Selenium.ValidateTitle@6de54b40]" started-at="2020-12-16T17:18:49Z" name="initizliation" finished-at="2020-12-16T17:19:04Z" duration-ms="15312" status="PASS">
          <reporter-output>
          </reporter-output>
        </test-method> <!-- initizliation -->
        <test-method signature="basePageNavegation()[pri:0, instance:Java_Selenium.ValidateTitle@6de54b40]" started-at="2020-12-16T17:19:04Z" name="basePageNavegation" finished-at="2020-12-16T17:19:05Z" duration-ms="537" status="FAIL">
          <exception class="org.junit.ComparisonFailure">
            <message>
              <![CDATA[expected:<FEATURED COURSES[]> but was:<FEATURED COURSES[1]>]]>
            </message>
            <full-stacktrace>
              <![CDATA[org.junit.ComparisonFailure: expected:<FEATURED COURSES[]> but was:<FEATURED COURSES[1]>
	at org.junit.Assert.assertEquals(Assert.java:115)
	at org.junit.Assert.assertEquals(Assert.java:144)
	at Java_Selenium.ValidateTitle.basePageNavegation(ValidateTitle.java:31)
	at java.base/jdk.internal.reflect.NativeMethodAccessorImpl.invoke0(Native Method)
	at java.base/jdk.internal.reflect.NativeMethodAccessorImpl.invoke(NativeMethodAccessorImpl.java:62)
	at java.base/jdk.internal.reflect.DelegatingMethodAccessorImpl.invoke(DelegatingMethodAccessorImpl.java:43)
	at java.base/java.lang.reflect.Method.invoke(Method.java:564)
	at org.testng.internal.MethodInvocationHelper.invokeMethod(MethodInvocationHelper.java:80)
	at org.testng.internal.Invoker.invokeMethod(Invoker.java:714)
	at org.testng.internal.Invoker.invokeTestMethod(Invoker.java:901)
	at org.testng.internal.Invoker.invokeTestMethods(Invoker.java:1231)
	at org.testng.internal.TestMethodWorker.invokeTestMethods(TestMethodWorker.java:127)
	at org.testng.internal.TestMethodWorker.run(TestMethodWorker.java:111)
	at org.testng.TestRunner.privateRun(TestRunner.java:767)
	at org.testng.TestRunner.run(TestRunner.java:617)
	at org.testng.SuiteRunner.runTest(SuiteRunner.java:334)
	at org.testng.SuiteRunner.access$000(SuiteRunner.java:37)
	at org.testng.SuiteRunner$SuiteWorker.run(SuiteRunner.java:368)
	at org.testng.internal.thread.ThreadUtil$2.call(ThreadUtil.java:64)
	at java.base/java.util.concurrent.FutureTask.run(FutureTask.java:264)
	at java.base/java.util.concurrent.ThreadPoolExecutor.runWorker(ThreadPoolExecutor.java:1130)
	at java.base/java.util.concurrent.ThreadPoolExecutor$Worker.run(ThreadPoolExecutor.java:630)
	at java.base/java.lang.Thread.run(Thread.java:832)
]]>
            </full-stacktrace>
          </exception> <!-- org.junit.ComparisonFailure -->
          <reporter-output>
          </reporter-output>
        </test-method> <!-- basePageNavegation -->
        <test-method is-config="true" signature="teardown()[pri:0, instance:Java_Selenium.ValidateTitle@6de54b40]" started-at="2020-12-16T17:19:07Z" name="teardown" finished-at="2020-12-16T17:19:14Z" duration-ms="7324" status="PASS">
          <reporter-output>
          </reporter-output>
        </test-method> <!-- teardown -->
      </class> <!-- Java_Selenium.ValidateTitle -->
    </test> <!-- Validating Title -->
    <test started-at="2020-12-16T22:18:49Z" name="Validating Navigation Bar" finished-at="2020-12-16T22:19:20Z" duration-ms="31320">
      <class name="Java_Selenium.validateNavigationBar">
        <test-method is-config="true" signature="initizliation()[pri:0, instance:Java_Selenium.validateNavigationBar@26be6ca7]" started-at="2020-12-16T17:18:49Z" name="initizliation" finished-at="2020-12-16T17:19:10Z" duration-ms="20499" status="PASS">
          <reporter-output>
          </reporter-output>
        </test-method> <!-- initizliation -->
        <test-method signature="basePageNavegation()[pri:0, instance:Java_Selenium.validateNavigationBar@26be6ca7]" started-at="2020-12-16T17:19:10Z" name="basePageNavegation" finished-at="2020-12-16T17:19:10Z" duration-ms="614" status="PASS">
          <reporter-output>
          </reporter-output>
        </test-method> <!-- basePageNavegation -->
        <test-method is-config="true" signature="teardown()[pri:0, instance:Java_Selenium.validateNavigationBar@26be6ca7]" started-at="2020-12-16T17:19:10Z" name="teardown" finished-at="2020-12-16T17:19:20Z" duration-ms="10193" status="PASS">
          <reporter-output>
          </reporter-output>
        </test-method> <!-- teardown -->
      </class> <!-- Java_Selenium.validateNavigationBar -->
    </test> <!-- Validating Navigation Bar -->
    <test started-at="2020-12-16T22:18:49Z" name="HomePage" finished-at="2020-12-16T22:19:22Z" duration-ms="32789">
      <class name="Java_Selenium.HomePage">
        <test-method is-config="true" signature="initizliation()[pri:0, instance:Java_Selenium.HomePage@5db99216]" started-at="2020-12-16T17:18:49Z" name="initizliation" finished-at="2020-12-16T17:18:56Z" duration-ms="6988" status="PASS">
          <reporter-output>
          </reporter-output>
        </test-method> <!-- initizliation -->
        <test-method signature="basePageNavegation(java.lang.String, java.lang.String, java.lang.String)[pri:0, instance:Java_Selenium.HomePage@5db99216]" started-at="2020-12-16T17:18:56Z" name="basePageNavegation" data-provider="getData" finished-at="2020-12-16T17:19:17Z" duration-ms="20992" status="PASS">
          <params>
            <param index="0">
              <value>
                <![CDATA[restricteduser@click.com]]>
              </value>
            </param>
            <param index="1">
              <value>
                <![CDATA[tryfail]]>
              </value>
            </param>
            <param index="2">
              <value>
                <![CDATA[Restriction]]>
              </value>
            </param>
          </params>
          <reporter-output>
          </reporter-output>
        </test-method> <!-- basePageNavegation -->
        <test-method signature="basePageNavegation(java.lang.String, java.lang.String, java.lang.String)[pri:0, instance:Java_Selenium.HomePage@5db99216]" started-at="2020-12-16T17:19:17Z" name="basePageNavegation" data-provider="getData" finished-at="2020-12-16T17:19:21Z" duration-ms="4321" status="PASS">
          <params>
            <param index="0">
              <value is-null="true"/>
            </param>
            <param index="1">
              <value is-null="true"/>
            </param>
            <param index="2">
              <value is-null="true"/>
            </param>
          </params>
          <reporter-output>
          </reporter-output>
        </test-method> <!-- basePageNavegation -->
        <test-method is-config="true" signature="teardown()[pri:0, instance:Java_Selenium.HomePage@5db99216]" started-at="2020-12-16T17:19:21Z" name="teardown" finished-at="2020-12-16T17:19:22Z" duration-ms="460" status="PASS">
          <reporter-output>
          </reporter-output>
        </test-method> <!-- teardown -->
      </class> <!-- Java_Selenium.HomePage -->
    </test> <!-- HomePage -->
  </suite> <!-- Suite -->
</testng-results>
